[2023-05-24T16:47:29.534] [INFO] default - Running in development mode http://localhost:undefined
[2023-05-24T16:48:43.745] [INFO] default - Running in development mode http://localhost:5000
[2023-05-25T12:22:04.270] [INFO] default - Running in development mode http://localhost:5000
[2023-05-25T12:24:08.844] [INFO] default - Running in development mode http://localhost:5000
[2023-05-25T12:25:39.077] [INFO] default - Running in development mode http://localhost:5000
[2023-05-25T12:27:14.571] [ERROR] default - el valor es demasiado largo para el tipo character varying(30)
[2023-05-25T12:29:19.154] [INFO] default - Running in development mode http://localhost:5000
[2023-05-25T12:31:12.699] [INFO] default - Running in development mode http://localhost:5000
[2023-05-25T12:31:28.445] [INFO] default - Running in development mode http://localhost:5000
[2023-05-25T14:14:35.480] [INFO] default - Running in development mode http://localhost:5000
[2023-05-25T15:04:08.353] [INFO] default - Running in development mode http://localhost:5000
[2023-05-25T15:05:55.150] [INFO] default - Running in development mode http://localhost:5000
[2023-05-25T15:08:30.318] [INFO] default - Running in development mode http://localhost:5000
[2023-05-25T15:09:11.499] [INFO] default - Running in development mode http://localhost:5000
[2023-05-25T15:11:36.887] [INFO] default - Running in development mode http://localhost:5000
[2023-05-25T15:12:30.008] [INFO] default - Running in development mode http://localhost:5000
[2023-05-25T15:22:20.053] [INFO] default - Running in development mode http://localhost:5000
[2023-05-25T15:23:05.393] [INFO] default - Running in development mode http://localhost:5000
[2023-05-25T15:28:40.514] [INFO] default - Running in development mode http://localhost:5000
[2023-05-25T15:31:09.177] [INFO] default - Running in development mode http://localhost:5000
[2023-05-25T15:32:10.810] [INFO] default - Running in development mode http://localhost:5000
[2023-05-25T15:59:05.991] [INFO] default - Running in development mode http://localhost:5000
[2023-05-25T16:03:44.052] [INFO] default - Running in development mode http://localhost:5000
[2023-05-25T16:05:36.950] [INFO] default - Running in development mode http://localhost:5000
[2023-05-25T16:06:32.189] [INFO] default - Running in development mode http://localhost:5000
[2023-05-25T16:07:57.813] [INFO] default - Running in development mode http://localhost:5000
[2023-05-26T09:16:04.582] [INFO] default - Running in development mode http://localhost:5000
[2023-05-26T09:28:55.884] [INFO] default - Running in development mode http://localhost:5000
[2023-05-26T09:32:12.805] [INFO] default - Running in development mode http://localhost:5000
[2023-05-26T09:33:46.884] [INFO] default - Running in development mode http://localhost:5000
[2023-05-26T09:34:29.271] [INFO] default - Running in development mode http://localhost:5000
[2023-05-26T09:35:13.758] [INFO] default - Running in development mode http://localhost:5000
[2023-05-26T09:35:37.534] [INFO] default - Running in development mode http://localhost:5000
[2023-05-26T09:36:50.580] [INFO] default - Running in development mode http://localhost:5000
[2023-05-26T09:37:52.908] [INFO] default - Running in development mode http://localhost:5000
[2023-05-26T09:38:19.513] [INFO] default - Running in development mode http://localhost:5000
[2023-05-26T09:39:41.333] [INFO] default - Running in development mode http://localhost:5000
[2023-05-26T09:40:04.180] [INFO] default - Running in development mode http://localhost:5000
[2023-05-26T09:42:20.800] [INFO] default - Running in development mode http://localhost:5000
[2023-05-26T09:45:07.779] [INFO] default - Running in development mode http://localhost:5000
[2023-05-26T09:45:37.347] [INFO] default - Running in development mode http://localhost:5000
[2023-05-26T09:46:08.478] [INFO] default - Running in development mode http://localhost:5000
[2023-05-26T09:46:24.313] [INFO] default - Running in development mode http://localhost:5000
[2023-05-26T09:47:18.304] [INFO] default - Running in development mode http://localhost:5000
[2023-05-26T09:50:26.767] [INFO] default - Running in development mode http://localhost:5000
[2023-05-26T10:02:36.404] [INFO] default - Running in development mode http://localhost:5000
[2023-05-26T10:03:58.934] [INFO] default - Running in development mode http://localhost:5000
[2023-05-26T10:05:28.573] [INFO] default - Running in development mode http://localhost:5000
[2023-05-26T10:08:16.184] [INFO] default - Running in development mode http://localhost:5000
[2023-05-26T10:08:49.743] [INFO] default - Running in development mode http://localhost:5000
[2023-05-26T10:10:25.122] [INFO] default - Running in development mode http://localhost:5000
[2023-05-26T13:16:36.741] [INFO] default - Running in development mode http://localhost:5000
[2023-05-26T13:25:51.527] [INFO] default - Running in development mode http://localhost:5000
[2023-05-26T13:27:20.870] [INFO] default - Running in development mode http://localhost:5000
[2023-05-26T13:27:22.646] [ERROR] default - Error: desbordamiento de campo numeric
    at StaffDao.<anonymous> (/home/franco/Documentos/PROYECTOS/medicalAppointments/src/modules/staff/staff.dao.ts:15:13)
    at Generator.throw (<anonymous>)
    at rejected (/home/franco/Documentos/PROYECTOS/medicalAppointments/src/modules/staff/staff.dao.ts:6:65)
    at processTicksAndRejections (node:internal/process/task_queues:96:5)
[2023-05-26T13:29:07.580] [ERROR] default - Error: no existe la relación «users»
    at UserDao.<anonymous> (/home/franco/Documentos/PROYECTOS/medicalAppointments/src/modules/user/user.dao.ts:20:13)
    at Generator.throw (<anonymous>)
    at rejected (/home/franco/Documentos/PROYECTOS/medicalAppointments/src/modules/user/user.dao.ts:6:65)
    at processTicksAndRejections (node:internal/process/task_queues:96:5)
[2023-05-26T13:29:20.085] [ERROR] default - Error: no existe la relación «users»
    at UserDao.<anonymous> (/home/franco/Documentos/PROYECTOS/medicalAppointments/src/modules/user/user.dao.ts:20:13)
    at Generator.throw (<anonymous>)
    at rejected (/home/franco/Documentos/PROYECTOS/medicalAppointments/src/modules/user/user.dao.ts:6:65)
    at processTicksAndRejections (node:internal/process/task_queues:96:5)
[2023-05-26T13:31:05.444] [INFO] default - Running in development mode http://localhost:5000
[2023-05-26T13:31:23.263] [INFO] default - Running in development mode http://localhost:5000
[2023-05-26T13:32:15.772] [INFO] default - Running in development mode http://localhost:5000
[2023-05-26T13:37:28.042] [INFO] default - Running in development mode http://localhost:5000
[2023-05-26T13:39:32.617] [INFO] default - Running in development mode http://localhost:5000
[2023-05-26T13:40:10.502] [INFO] default - Running in development mode http://localhost:5000
[2023-05-26T13:44:11.201] [INFO] default - Running in development mode http://localhost:5000
[2023-05-26T13:59:20.981] [INFO] default - Running in development mode http://localhost:5000
[2023-05-26T14:03:27.475] [INFO] default - Running in development mode http://localhost:5000
[2023-05-26T14:05:40.679] [INFO] default - Running in development mode http://localhost:5000
[2023-05-26T14:08:15.583] [INFO] default - Running in development mode http://localhost:5000
[2023-05-26T14:12:03.639] [INFO] default - Running in development mode http://localhost:5000
[2023-05-26T14:12:23.653] [INFO] default - Running in development mode http://localhost:5000
[2023-05-26T14:13:29.545] [INFO] default - Running in development mode http://localhost:5000
[2023-05-26T14:14:49.635] [INFO] default - Running in development mode http://localhost:5000
[2023-05-26T14:55:17.286] [INFO] default - Running in development mode http://localhost:5000
[2023-05-26T14:55:43.236] [INFO] default - Running in development mode http://localhost:5000
[2023-05-26T14:57:42.109] [INFO] default - Running in development mode http://localhost:5000
[2023-05-26T14:59:53.801] [INFO] default - Running in development mode http://localhost:5000
[2023-05-26T15:04:37.493] [INFO] default - Running in development mode http://localhost:5000
[2023-05-26T15:05:50.070] [INFO] default - Running in development mode http://localhost:5000
[2023-05-26T15:09:02.463] [INFO] default - Running in development mode http://localhost:5000
[2023-05-26T15:09:27.112] [INFO] default - Running in development mode http://localhost:5000
[2023-05-26T15:10:34.250] [INFO] default - Running in development mode http://localhost:5000
[2023-05-26T15:11:38.698] [INFO] default - Running in development mode http://localhost:5000
[2023-05-26T15:18:35.341] [INFO] default - Running in development mode http://localhost:5000
[2023-05-26T15:19:58.218] [INFO] default - Running in development mode http://localhost:5000
[2023-05-26T15:20:43.243] [INFO] default - Running in development mode http://localhost:5000
[2023-05-26T15:22:32.826] [INFO] default - Running in development mode http://localhost:5000
[2023-05-26T15:22:57.596] [INFO] default - Running in development mode http://localhost:5000
[2023-05-26T15:23:29.270] [INFO] default - Running in development mode http://localhost:5000
[2023-05-26T15:58:20.835] [INFO] default - Running in development mode http://localhost:5000
[2023-05-26T15:59:13.333] [INFO] default - Running in development mode http://localhost:5000
[2023-05-26T16:03:16.201] [INFO] default - Running in development mode http://localhost:5000
[2023-05-26T16:04:28.862] [INFO] default - Running in development mode http://localhost:5000
[2023-05-26T16:05:10.586] [INFO] default - Running in development mode http://localhost:5000
[2023-05-27T08:35:51.730] [INFO] default - Running in development mode http://localhost:5000
[2023-05-27T08:39:07.663] [INFO] default - Running in development mode http://localhost:5000
[2023-05-27T08:40:33.705] [INFO] default - Running in development mode http://localhost:5000
[2023-05-27T08:41:59.132] [INFO] default - Running in development mode http://localhost:5000
[2023-05-27T08:43:50.566] [INFO] default - Running in development mode http://localhost:5000
[2023-05-27T09:04:03.066] [INFO] default - Running in development mode http://localhost:5000
[2023-05-27T09:04:43.797] [INFO] default - Running in development mode http://localhost:5000
[2023-05-27T09:05:15.932] [INFO] default - Running in development mode http://localhost:5000
[2023-05-27T09:06:06.187] [INFO] default - Running in development mode http://localhost:5000
[2023-05-27T09:06:44.586] [INFO] default - Running in development mode http://localhost:5000
[2023-05-27T09:06:46.329] [ERROR] default - Error: no existe la columna «userId»
    at StaffService.<anonymous> (/home/franco/Documentos/PROYECTOS/medicalAppointments/src/modules/staff/staff.services.ts:61:13)
    at Generator.throw (<anonymous>)
    at rejected (/home/franco/Documentos/PROYECTOS/medicalAppointments/src/modules/staff/staff.services.ts:6:65)
    at processTicksAndRejections (node:internal/process/task_queues:96:5)
[2023-05-27T09:07:00.924] [ERROR] default - Error: no existe la columna «userId»
    at StaffService.<anonymous> (/home/franco/Documentos/PROYECTOS/medicalAppointments/src/modules/staff/staff.services.ts:61:13)
    at Generator.throw (<anonymous>)
    at rejected (/home/franco/Documentos/PROYECTOS/medicalAppointments/src/modules/staff/staff.services.ts:6:65)
    at processTicksAndRejections (node:internal/process/task_queues:96:5)
[2023-05-27T09:08:51.532] [INFO] default - Running in development mode http://localhost:5000
[2023-05-27T09:09:08.538] [INFO] default - Running in development mode http://localhost:5000
[2023-05-27T09:13:07.576] [INFO] default - Running in development mode http://localhost:5000
[2023-05-27T09:14:57.304] [INFO] default - Running in development mode http://localhost:5000
[2023-05-27T09:16:33.386] [INFO] default - Running in development mode http://localhost:5000
[2023-05-27T10:08:42.009] [INFO] default - Running in development mode http://localhost:5000
[2023-05-27T10:14:13.837] [INFO] default - Running in development mode http://localhost:5000
[2023-05-27T12:25:59.821] [INFO] default - Running in development mode http://localhost:5000
[2023-05-27T12:27:55.868] [INFO] default - Running in development mode http://localhost:5000
[2023-05-27T12:30:43.218] [INFO] default - Running in development mode http://localhost:5000
[2023-05-27T12:32:23.186] [INFO] default - Running in development mode http://localhost:5000
[2023-05-27T12:38:29.687] [INFO] default - Running in development mode http://localhost:5000
[2023-05-27T12:59:30.123] [INFO] default - Running in development mode http://localhost:5000
[2023-05-27T13:00:28.950] [INFO] default - Running in development mode http://localhost:5000
[2023-05-27T13:01:36.538] [INFO] default - Running in development mode http://localhost:5000
[2023-05-27T13:02:42.864] [INFO] default - Running in development mode http://localhost:5000
[2023-05-27T13:04:21.537] [INFO] default - Running in development mode http://localhost:5000
[2023-05-27T13:05:45.659] [INFO] default - Running in development mode http://localhost:5000
[2023-05-27T13:09:44.480] [INFO] default - Running in development mode http://localhost:5000
[2023-05-27T13:11:22.860] [INFO] default - Running in development mode http://localhost:5000
[2023-05-29T12:03:32.349] [INFO] default - Running in development mode http://localhost:5000
[2023-05-29T12:21:35.651] [INFO] default - Running in development mode http://localhost:5000
[2023-05-29T12:24:56.692] [INFO] default - Running in development mode http://localhost:5000
[2023-05-29T12:25:46.304] [INFO] default - Running in development mode http://localhost:5000
[2023-05-29T12:26:54.711] [INFO] default - Running in development mode http://localhost:5000
[2023-05-29T12:29:37.298] [INFO] default - Running in development mode http://localhost:5000
[2023-05-29T12:30:26.063] [INFO] default - Running in development mode http://localhost:5000
[2023-05-29T12:31:27.455] [INFO] default - Running in development mode http://localhost:5000
[2023-05-29T12:33:01.112] [INFO] default - Running in development mode http://localhost:5000
[2023-05-29T12:54:51.206] [INFO] default - Running in development mode http://localhost:5000
[2023-05-29T12:55:33.458] [INFO] default - Running in development mode http://localhost:5000
[2023-05-29T12:56:27.018] [INFO] default - Running in development mode http://localhost:5000
[2023-05-29T12:57:44.203] [INFO] default - Running in development mode http://localhost:5000
[2023-05-29T13:19:21.316] [INFO] default - Running in development mode http://localhost:5000
[2023-05-29T13:23:45.807] [INFO] default - Running in development mode http://localhost:5000
[2023-05-29T13:53:38.349] [INFO] default - Running in development mode http://localhost:5000
[2023-05-29T13:57:24.320] [INFO] default - Running in development mode http://localhost:5000
[2023-05-29T13:58:18.459] [INFO] default - Running in development mode http://localhost:5000
[2023-05-29T13:59:22.749] [INFO] default - Running in development mode http://localhost:5000
[2023-05-29T14:11:55.721] [INFO] default - Running in development mode http://localhost:5000
[2023-05-29T14:13:58.199] [INFO] default - Running in development mode http://localhost:5000
[2023-05-29T16:44:18.842] [INFO] default - Running in development mode http://localhost:5000
[2023-05-29T16:45:10.624] [INFO] default - Running in development mode http://localhost:5000
[2023-05-29T16:46:52.244] [INFO] default - Running in development mode http://localhost:5000
[2023-05-29T16:47:30.179] [INFO] default - Running in development mode http://localhost:5000
[2023-05-29T17:32:47.862] [INFO] default - Running in development mode http://localhost:5000
[2023-05-29T17:36:19.272] [INFO] default - Running in development mode http://localhost:5000
[2023-05-30T16:31:22.112] [INFO] default - Running in development mode http://localhost:5000
[2023-05-30T16:59:21.250] [INFO] default - Running in development mode http://localhost:5000
[2023-05-30T17:16:31.154] [ERROR] default - SequelizeConnectionError: la autentificación password falló para el usuario «franco»
[2023-05-30T17:16:31.163] [ERROR] default - SequelizeConnectionError: la autentificación password falló para el usuario «franco»
[2023-05-30T17:16:31.165] [ERROR] default - SequelizeConnectionError: la autentificación password falló para el usuario «franco»
[2023-05-30T17:16:31.166] [ERROR] default - SequelizeConnectionError: la autentificación password falló para el usuario «franco»
[2023-05-30T17:16:31.168] [ERROR] default - SequelizeConnectionError: la autentificación password falló para el usuario «franco»
[2023-05-30T17:16:31.244] [ERROR] default - SequelizeConnectionError: la autentificación password falló para el usuario «franco»
[2023-05-30T17:18:06.504] [ERROR] default - SequelizeConnectionError: la autentificación password falló para el usuario «franco»
[2023-05-30T17:18:06.512] [ERROR] default - SequelizeConnectionError: la autentificación password falló para el usuario «franco»
[2023-05-30T17:18:06.514] [ERROR] default - SequelizeConnectionError: la autentificación password falló para el usuario «franco»
[2023-05-30T17:18:06.516] [ERROR] default - SequelizeConnectionError: la autentificación password falló para el usuario «franco»
[2023-05-30T17:18:06.518] [ERROR] default - SequelizeConnectionError: la autentificación password falló para el usuario «franco»
[2023-05-30T17:18:06.594] [ERROR] default - SequelizeConnectionError: la autentificación password falló para el usuario «franco»
[2023-05-30T17:19:03.378] [INFO] default - Running in development mode http://localhost:5000
[2023-05-30T17:19:32.609] [ERROR] default - SequelizeConnectionError: la autentificación password falló para el usuario «franco»
[2023-05-30T17:19:32.621] [ERROR] default - SequelizeConnectionError: la autentificación password falló para el usuario «franco»
[2023-05-30T17:19:32.624] [ERROR] default - SequelizeConnectionError: la autentificación password falló para el usuario «franco»
[2023-05-30T17:19:32.627] [ERROR] default - SequelizeConnectionError: la autentificación password falló para el usuario «franco»
[2023-05-30T17:19:32.631] [ERROR] default - SequelizeConnectionError: la autentificación password falló para el usuario «franco»
[2023-05-30T17:19:32.850] [ERROR] default - SequelizeConnectionError: la autentificación password falló para el usuario «franco»
[2023-05-30T17:20:33.708] [INFO] default - Running in development mode http://localhost:5000
[2023-05-30T17:20:57.444] [ERROR] default - SequelizeConnectionError: la autentificación password falló para el usuario «franco»
[2023-05-30T17:20:57.453] [ERROR] default - SequelizeConnectionError: la autentificación password falló para el usuario «franco»
[2023-05-30T17:20:57.455] [ERROR] default - SequelizeConnectionError: la autentificación password falló para el usuario «franco»
[2023-05-30T17:20:57.457] [ERROR] default - SequelizeConnectionError: la autentificación password falló para el usuario «franco»
[2023-05-30T17:20:57.460] [ERROR] default - SequelizeConnectionError: la autentificación password falló para el usuario «franco»
[2023-05-30T17:20:57.569] [ERROR] default - SequelizeConnectionError: la autentificación password falló para el usuario «franco»
[2023-05-30T17:22:49.437] [ERROR] default - SequelizeConnectionError: la autentificación password falló para el usuario «franco»
[2023-05-30T17:22:49.443] [ERROR] default - SequelizeConnectionError: la autentificación password falló para el usuario «franco»
[2023-05-30T17:22:49.445] [ERROR] default - SequelizeConnectionError: la autentificación password falló para el usuario «franco»
[2023-05-30T17:22:49.447] [ERROR] default - SequelizeConnectionError: la autentificación password falló para el usuario «franco»
[2023-05-30T17:22:49.448] [ERROR] default - SequelizeConnectionError: la autentificación password falló para el usuario «franco»
[2023-05-30T17:22:49.537] [ERROR] default - SequelizeConnectionError: la autentificación password falló para el usuario «franco»
[2023-05-30T17:23:25.460] [INFO] default - Running in development mode http://localhost:5000
[2023-05-30T17:31:37.901] [INFO] default - Running in development mode http://localhost:5000
[2023-05-30T17:32:25.306] [INFO] default - Running in development mode http://localhost:5000
[2023-05-30T17:33:03.157] [INFO] default - Running in development mode http://localhost:5000
[2023-05-30T17:34:08.605] [INFO] default - Running in development mode http://localhost:5000
[2023-05-30T17:45:33.434] [INFO] default - Running in development mode http://localhost:5000
[2023-05-30T17:46:12.344] [INFO] default - Running in development mode http://localhost:5000
[2023-05-31T13:16:26.140] [INFO] default - Running in development mode http://localhost:5000
[2023-05-31T13:18:17.959] [ERROR] default - Cannot read properties of undefined (reading 'dni')
[2023-05-31T13:18:59.863] [INFO] default - Running in development mode http://localhost:5000
[2023-05-31T13:19:04.760] [ERROR] default - no existe la columna doctor.specialtyId
[2023-05-31T13:21:15.644] [INFO] default - Running in development mode http://localhost:5000
[2023-05-31T13:24:37.220] [ERROR] default - no existe la columna doctor.userId
[2023-05-31T13:27:30.292] [INFO] default - Running in development mode http://localhost:5000
[2023-05-31T15:28:10.271] [INFO] default - Running in development mode http://localhost:5000
[2023-05-31T15:40:48.653] [INFO] default - Running in development mode http://localhost:5000
[2023-05-31T15:42:05.957] [INFO] default - Running in development mode http://localhost:5000
[2023-05-31T15:44:26.752] [INFO] default - Running in development mode http://localhost:5000
[2023-05-31T15:46:03.070] [INFO] default - Running in development mode http://localhost:5000
[2023-05-31T15:57:29.720] [INFO] default - Running in development mode http://localhost:5000
[2023-05-31T15:59:35.487] [INFO] default - Running in development mode http://localhost:5000
[2023-05-31T16:01:11.270] [INFO] default - Running in development mode http://localhost:5000
[2023-05-31T16:02:30.550] [INFO] default - Running in development mode http://localhost:5000
[2023-05-31T16:02:59.268] [INFO] default - Running in development mode http://localhost:5000
[2023-05-31T16:18:30.556] [INFO] default - Running in development mode http://localhost:5000
[2023-05-31T16:22:46.655] [INFO] default - Running in development mode http://localhost:5000
[2023-05-31T16:23:53.934] [INFO] default - Running in development mode http://localhost:5000
[2023-05-31T16:24:02.371] [INFO] default - Running in development mode http://localhost:5000
[2023-05-31T16:32:54.774] [INFO] default - Running in development mode http://localhost:5000
[2023-05-31T16:33:17.234] [INFO] default - Running in development mode http://localhost:5000
[2023-05-31T16:33:49.580] [INFO] default - Running in development mode http://localhost:5000
[2023-05-31T16:34:44.002] [INFO] default - Running in development mode http://localhost:5000
[2023-05-31T16:35:08.620] [INFO] default - Running in development mode http://localhost:5000
[2023-05-31T16:35:51.178] [INFO] default - Running in development mode http://localhost:5000
[2023-05-31T16:45:08.981] [INFO] default - Running in development mode http://localhost:5000
[2023-05-31T16:45:33.293] [INFO] default - Running in development mode http://localhost:5000
[2023-05-31T16:45:34.848] [ERROR] default - Cannot read properties of null (reading 'mail')
[2023-05-31T16:46:28.592] [INFO] default - Running in development mode http://localhost:5000
[2023-05-31T16:47:08.537] [ERROR] default - Cannot read properties of null (reading 'mail')
[2023-05-31T16:48:08.837] [INFO] default - Running in development mode http://localhost:5000
[2023-05-31T16:48:10.755] [ERROR] default - Cannot read properties of null (reading 'mail')
[2023-05-31T16:48:44.490] [INFO] default - Running in development mode http://localhost:5000
[2023-05-31T16:48:45.855] [INFO] default - { mail: 'junio@gmail.com' }
[2023-05-31T16:48:45.881] [ERROR] default - Cannot read properties of null (reading 'mail')
[2023-05-31T16:49:25.988] [INFO] default - Running in development mode http://localhost:5000
[2023-05-31T16:49:33.482] [ERROR] default - Cannot read properties of null (reading 'mail')
[2023-05-31T16:50:28.237] [INFO] default - Running in development mode http://localhost:5000
[2023-05-31T16:51:01.436] [INFO] default - Running in development mode http://localhost:5000
[2023-05-31T16:52:06.483] [INFO] default - Running in development mode http://localhost:5000
[2023-05-31T16:52:52.592] [INFO] default - Running in development mode http://localhost:5000
[2023-05-31T16:54:59.357] [INFO] default - Running in development mode http://localhost:5000
[2023-05-31T16:55:47.682] [INFO] default - Running in development mode http://localhost:5000
[2023-05-31T16:59:09.975] [INFO] default - Running in development mode http://localhost:5000
[2023-05-31T16:59:58.898] [INFO] default - Running in development mode http://localhost:5000
[2023-05-31T17:06:05.435] [INFO] default - Running in development mode http://localhost:5000
[2023-05-31T17:07:56.111] [INFO] default - Running in development mode http://localhost:5000
[2023-05-31T17:09:47.381] [INFO] default - Running in development mode http://localhost:5000
[2023-05-31T17:10:55.753] [INFO] default - Running in development mode http://localhost:5000
[2023-05-31T17:23:59.217] [INFO] default - Running in development mode http://localhost:5000
[2023-05-31T17:25:06.217] [INFO] default - Running in development mode http://localhost:5000
[2023-06-01T12:24:27.604] [INFO] default - Running in development mode http://localhost:5000
[2023-06-01T12:25:47.224] [INFO] default - Running in development mode http://localhost:5000
[2023-06-01T12:59:39.040] [INFO] default - Running in development mode http://localhost:5000
[2023-06-01T13:03:14.535] [INFO] default - Running in development mode http://localhost:5000
[2023-06-01T13:04:06.236] [INFO] default - Running in development mode http://localhost:5000
[2023-06-01T13:04:28.182] [INFO] default - Running in development mode http://localhost:5000
[2023-06-01T13:05:23.771] [INFO] default - Running in development mode http://localhost:5000
[2023-06-01T13:15:24.340] [INFO] default - Running in development mode http://localhost:5000
[2023-06-01T13:16:00.147] [INFO] default - Running in development mode http://localhost:5000
[2023-06-01T13:18:02.526] [INFO] default - Running in development mode http://localhost:5000
[2023-06-01T15:25:45.276] [INFO] default - Running in development mode http://localhost:5000
[2023-06-01T15:27:36.683] [INFO] default - Running in development mode http://localhost:5000
[2023-06-01T15:42:40.631] [INFO] default - Running in development mode http://localhost:5000
[2023-06-01T15:52:17.731] [INFO] default - Running in development mode http://localhost:5000
[2023-06-01T15:53:24.071] [INFO] default - Running in development mode http://localhost:5000
[2023-06-01T15:55:12.366] [INFO] default - Running in development mode http://localhost:5000
[2023-06-01T16:06:10.587] [INFO] default - Running in development mode http://localhost:5000
[2023-06-01T16:10:14.376] [INFO] default - Running in development mode http://localhost:5000
[2023-06-01T16:11:22.507] [INFO] default - Running in development mode http://localhost:5000
[2023-06-01T16:13:13.567] [INFO] default - Running in development mode http://localhost:5000
[2023-06-01T16:26:33.467] [INFO] default - Running in development mode http://localhost:5000
[2023-06-01T16:29:09.173] [INFO] default - Running in development mode http://localhost:5000
[2023-06-01T16:31:57.089] [INFO] default - Running in development mode http://localhost:5000
[2023-06-01T16:35:28.735] [INFO] default - Running in development mode http://localhost:5000
[2023-06-01T17:37:12.036] [INFO] default - Running in development mode http://localhost:5000
[2023-06-01T17:38:26.531] [INFO] default - Running in development mode http://localhost:5000
[2023-06-01T17:39:04.329] [INFO] default - Running in development mode http://localhost:5000
[2023-06-01T17:40:51.819] [INFO] default - Running in development mode http://localhost:5000
[2023-06-01T17:40:55.003] [ERROR] default - Error: WHERE parameter "id" has invalid "undefined" value
    at UserDao.<anonymous> (/home/franco/Documentos/PROYECTOS/medicalAppointments/src/modules/user/user.dao.ts:71:13)
    at Generator.throw (<anonymous>)
    at rejected (/home/franco/Documentos/PROYECTOS/medicalAppointments/src/modules/user/user.dao.ts:6:65)
    at processTicksAndRejections (node:internal/process/task_queues:96:5)
[2023-06-01T17:40:55.577] [ERROR] default - Error: WHERE parameter "id" has invalid "undefined" value
    at UserDao.<anonymous> (/home/franco/Documentos/PROYECTOS/medicalAppointments/src/modules/user/user.dao.ts:85:13)
    at Generator.throw (<anonymous>)
    at rejected (/home/franco/Documentos/PROYECTOS/medicalAppointments/src/modules/user/user.dao.ts:6:65)
    at runMicrotasks (<anonymous>)
    at processTicksAndRejections (node:internal/process/task_queues:96:5)
[2023-06-01T17:40:56.081] [ERROR] default - Error: WHERE parameter "id" has invalid "undefined" value
    at UserDao.<anonymous> (/home/franco/Documentos/PROYECTOS/medicalAppointments/src/modules/user/user.dao.ts:85:13)
    at Generator.throw (<anonymous>)
    at rejected (/home/franco/Documentos/PROYECTOS/medicalAppointments/src/modules/user/user.dao.ts:6:65)
    at runMicrotasks (<anonymous>)
    at processTicksAndRejections (node:internal/process/task_queues:96:5)
[2023-06-01T17:40:57.281] [ERROR] default - Error: Illegal arguments: string, undefined
    at _async (/home/franco/Documentos/PROYECTOS/medicalAppointments/node_modules/bcryptjs/dist/bcrypt.js:286:46)
    at /home/franco/Documentos/PROYECTOS/medicalAppointments/node_modules/bcryptjs/dist/bcrypt.js:307:17
    at new Promise (<anonymous>)
    at bcrypt.compare (/home/franco/Documentos/PROYECTOS/medicalAppointments/node_modules/bcryptjs/dist/bcrypt.js:306:20)
    at /home/franco/Documentos/PROYECTOS/medicalAppointments/src/utils/bcryptHandler.ts:10:23
    at Generator.next (<anonymous>)
    at /home/franco/Documentos/PROYECTOS/medicalAppointments/src/utils/bcryptHandler.ts:8:71
    at new Promise (<anonymous>)
    at Object.<anonymous>.__awaiter (/home/franco/Documentos/PROYECTOS/medicalAppointments/src/utils/bcryptHandler.ts:4:12)
    at verifyEncrypt (/home/franco/Documentos/PROYECTOS/medicalAppointments/src/utils/bcryptHandler.ts:9:71)
    at StaffService.<anonymous> (/home/franco/Documentos/PROYECTOS/medicalAppointments/src/modules/staff/staff.services.ts:135:42)
    at Generator.next (<anonymous>)
    at fulfilled (/home/franco/Documentos/PROYECTOS/medicalAppointments/src/modules/staff/staff.services.ts:5:58)
    at runMicrotasks (<anonymous>)
    at processTicksAndRejections (node:internal/process/task_queues:96:5)
[2023-06-01T17:40:57.483] [ERROR] default - Error: Illegal arguments: string, undefined
    at _async (/home/franco/Documentos/PROYECTOS/medicalAppointments/node_modules/bcryptjs/dist/bcrypt.js:286:46)
    at /home/franco/Documentos/PROYECTOS/medicalAppointments/node_modules/bcryptjs/dist/bcrypt.js:307:17
    at new Promise (<anonymous>)
    at bcrypt.compare (/home/franco/Documentos/PROYECTOS/medicalAppointments/node_modules/bcryptjs/dist/bcrypt.js:306:20)
    at /home/franco/Documentos/PROYECTOS/medicalAppointments/src/utils/bcryptHandler.ts:10:23
    at Generator.next (<anonymous>)
    at /home/franco/Documentos/PROYECTOS/medicalAppointments/src/utils/bcryptHandler.ts:8:71
    at new Promise (<anonymous>)
    at Object.<anonymous>.__awaiter (/home/franco/Documentos/PROYECTOS/medicalAppointments/src/utils/bcryptHandler.ts:4:12)
    at verifyEncrypt (/home/franco/Documentos/PROYECTOS/medicalAppointments/src/utils/bcryptHandler.ts:9:71)
    at StaffService.<anonymous> (/home/franco/Documentos/PROYECTOS/medicalAppointments/src/modules/staff/staff.services.ts:135:42)
    at Generator.next (<anonymous>)
    at fulfilled (/home/franco/Documentos/PROYECTOS/medicalAppointments/src/modules/staff/staff.services.ts:5:58)
    at runMicrotasks (<anonymous>)
    at processTicksAndRejections (node:internal/process/task_queues:96:5)
[2023-06-01T17:42:34.051] [INFO] default - Running in development mode http://localhost:5000
[2023-06-01T17:42:37.282] [ERROR] default - Error: WHERE parameter "id" has invalid "undefined" value
    at UserDao.<anonymous> (/home/franco/Documentos/PROYECTOS/medicalAppointments/src/modules/user/user.dao.ts:71:13)
    at Generator.throw (<anonymous>)
    at rejected (/home/franco/Documentos/PROYECTOS/medicalAppointments/src/modules/user/user.dao.ts:6:65)
    at processTicksAndRejections (node:internal/process/task_queues:96:5)
[2023-06-01T17:42:37.869] [ERROR] default - Error: WHERE parameter "id" has invalid "undefined" value
    at UserDao.<anonymous> (/home/franco/Documentos/PROYECTOS/medicalAppointments/src/modules/user/user.dao.ts:85:13)
    at Generator.throw (<anonymous>)
    at rejected (/home/franco/Documentos/PROYECTOS/medicalAppointments/src/modules/user/user.dao.ts:6:65)
    at runMicrotasks (<anonymous>)
    at processTicksAndRejections (node:internal/process/task_queues:96:5)
[2023-06-01T17:42:38.380] [ERROR] default - Error: WHERE parameter "id" has invalid "undefined" value
    at UserDao.<anonymous> (/home/franco/Documentos/PROYECTOS/medicalAppointments/src/modules/user/user.dao.ts:85:13)
    at Generator.throw (<anonymous>)
    at rejected (/home/franco/Documentos/PROYECTOS/medicalAppointments/src/modules/user/user.dao.ts:6:65)
    at runMicrotasks (<anonymous>)
    at processTicksAndRejections (node:internal/process/task_queues:96:5)
[2023-06-01T17:43:56.110] [INFO] default - Running in development mode http://localhost:5000
[2023-06-01T17:44:17.768] [ERROR] default - Error: WHERE parameter "id" has invalid "undefined" value
    at UserDao.<anonymous> (/home/franco/Documentos/PROYECTOS/medicalAppointments/src/modules/user/user.dao.ts:71:13)
    at Generator.throw (<anonymous>)
    at rejected (/home/franco/Documentos/PROYECTOS/medicalAppointments/src/modules/user/user.dao.ts:6:65)
    at processTicksAndRejections (node:internal/process/task_queues:96:5)
[2023-06-01T17:45:22.329] [INFO] default - Running in development mode http://localhost:5000
[2023-06-01T17:47:10.574] [INFO] default - Running in development mode http://localhost:5000
[2023-06-01T17:47:35.753] [INFO] default - Running in development mode http://localhost:5000
[2023-06-01T17:50:03.729] [INFO] default - Running in development mode http://localhost:5000
[2023-06-01T17:53:50.327] [INFO] default - Running in development mode http://localhost:5000
[2023-06-02T13:11:04.547] [INFO] default - Running in development mode http://localhost:5000
[2023-06-02T13:11:43.519] [ERROR] default - Error: llave duplicada viola restricción de unicidad «patients_social_number_key»
    at PatientDao.<anonymous> (/home/franco/Documentos/PROYECTOS/medicalAppointments/src/modules/patient/patient.dao.ts:11:13)
    at Generator.throw (<anonymous>)
    at rejected (/home/franco/Documentos/PROYECTOS/medicalAppointments/src/modules/patient/patient.dao.ts:6:65)
    at processTicksAndRejections (node:internal/process/task_queues:96:5)
[2023-06-02T13:13:30.957] [INFO] default - Running in development mode http://localhost:5000
[2023-06-02T15:32:24.158] [ERROR] default - Error: no existe la relación «patients»
    at UserDao.<anonymous> (/home/franco/Documentos/PROYECTOS/medicalAppointments/src/modules/user/user.dao.ts:54:13)
    at Generator.throw (<anonymous>)
    at rejected (/home/franco/Documentos/PROYECTOS/medicalAppointments/src/modules/user/user.dao.ts:6:65)
    at processTicksAndRejections (node:internal/process/task_queues:96:5)
[2023-06-02T15:32:24.800] [INFO] default - Running in development mode http://localhost:5000
[2023-06-02T15:33:08.659] [INFO] default - Running in development mode http://localhost:5000
[2023-06-02T15:33:29.469] [INFO] default - Running in development mode http://localhost:5000
[2023-06-02T15:34:22.620] [INFO] default - Running in development mode http://localhost:5000
[2023-06-02T15:36:25.770] [INFO] default - Running in development mode http://localhost:5000
[2023-06-02T15:37:14.204] [INFO] default - Running in development mode http://localhost:5000
[2023-06-02T16:31:35.329] [INFO] default - Running in development mode http://localhost:5000
[2023-06-02T16:32:20.547] [INFO] default - Running in development mode http://localhost:5000
[2023-06-02T16:32:43.416] [INFO] default - Running in development mode http://localhost:5000
[2023-06-02T16:33:09.801] [INFO] default - Running in development mode http://localhost:5000
[2023-06-02T16:33:24.626] [INFO] default - Running in development mode http://localhost:5000
[2023-06-02T17:06:23.409] [INFO] default - Running in development mode http://localhost:5000
[2023-06-02T17:09:08.159] [INFO] default - Running in development mode http://localhost:5000
[2023-06-02T17:10:04.406] [INFO] default - Running in development mode http://localhost:5000
[2023-06-02T17:10:37.843] [INFO] default - Running in development mode http://localhost:5000
[2023-06-02T17:11:16.068] [INFO] default - Running in development mode http://localhost:5000
[2023-06-02T17:13:33.636] [INFO] default - Running in development mode http://localhost:5000
[2023-06-02T17:17:37.567] [INFO] default - Running in development mode http://localhost:5000
[2023-06-02T17:18:57.271] [INFO] default - Running in development mode http://localhost:5000
[2023-06-02T17:19:22.425] [INFO] default - Running in development mode http://localhost:5000
[2023-06-02T17:32:39.159] [INFO] default - Running in development mode http://localhost:5000
[2023-06-02T17:38:14.071] [INFO] default - Running in development mode http://localhost:5000
[2023-06-02T17:39:23.683] [INFO] default - Running in development mode http://localhost:5000
[2023-06-03T08:54:16.598] [INFO] default - Running in development mode http://localhost:5000
[2023-06-03T08:55:44.613] [INFO] default - Running in development mode http://localhost:5000
[2023-06-03T08:56:09.966] [INFO] default - Running in development mode http://localhost:5000
[2023-06-03T08:57:26.739] [INFO] default - Running in development mode http://localhost:5000
[2023-06-03T09:05:50.351] [INFO] default - Running in development mode http://localhost:5000
[2023-06-03T09:06:39.902] [INFO] default - Running in development mode http://localhost:5000
[2023-06-03T09:07:48.779] [INFO] default - Running in development mode http://localhost:5000
[2023-06-03T12:42:47.095] [INFO] default - Running in development mode http://localhost:5000
[2023-06-03T15:47:41.820] [INFO] default - Running in development mode http://localhost:5000
[2023-06-03T15:57:32.163] [INFO] default - Running in development mode http://localhost:5000
[2023-06-03T16:05:01.253] [INFO] default - Running in development mode http://localhost:5000
[2023-06-03T16:35:01.093] [ERROR] default - Error: no existe la relación «appointments»
    at AppointmentDao.<anonymous> (/home/franco/Documentos/PROYECTOS/medicalAppointments/src/modules/appointment/appointment.dao.ts:31:13)
    at Generator.throw (<anonymous>)
    at rejected (/home/franco/Documentos/PROYECTOS/medicalAppointments/src/modules/appointment/appointment.dao.ts:6:65)
    at processTicksAndRejections (node:internal/process/task_queues:96:5)
[2023-06-03T16:35:01.653] [INFO] default - Running in development mode http://localhost:5000
[2023-06-03T16:35:38.029] [INFO] default - Running in development mode http://localhost:5000
[2023-06-03T16:38:34.655] [INFO] default - Running in development mode http://localhost:5000
[2023-06-03T16:39:27.205] [INFO] default - Running in development mode http://localhost:5000
[2023-06-03T16:41:54.430] [INFO] default - Running in development mode http://localhost:5000
[2023-06-03T16:44:54.214] [INFO] default - Running in development mode http://localhost:5000
[2023-06-03T16:46:05.787] [INFO] default - Running in development mode http://localhost:5000
[2023-06-03T16:46:37.180] [INFO] default - Running in development mode http://localhost:5000
[2023-06-04T08:54:41.016] [INFO] default - Running in development mode http://localhost:5000
[2023-06-04T09:01:28.301] [INFO] default - Running in development mode http://localhost:5000
[2023-06-04T09:02:04.983] [INFO] default - Running in development mode http://localhost:5000
[2023-06-04T09:02:28.367] [INFO] default - Running in development mode http://localhost:5000
[2023-06-04T09:21:59.898] [INFO] default - Running in development mode http://localhost:5000
